DEBUG - Script started!
DEBUG - Script started!
DEBUG - Script started!
DEBUG - Script started!
INFO - New announcement!
INFO - New announcement!
DEBUG - Script started!
INFO - New announcement!
INFO - New announcement!
DEBUG - Script started!
DEBUG - Script started!
INFO - New announcement!
INFO - New alert!
INFO - New announcement!
INFO - New announcement!
INFO - New alert!
INFO - New alert!
ERROR - An error occurred while trying to close the announcement
'NoneType' object has no attribute 'lower'
ERROR - An error occurred while trying to close the announcement
'NoneType' object has no attribute 'lower'
INFO - New announcement!
INFO - New announcement!
INFO - New alert!
INFO - New alert!
INFO - New announcement!
INFO - New alert!
INFO - New announcement!
INFO - New announcement!
INFO - New alert!
INFO - New alert!
INFO - New announcement!
INFO - New announcement!
INFO - New alert!
INFO - New alert!
INFO - New announcement!
INFO - New alert!
INFO - New announcement!
INFO - New alert!
INFO - New announcement!
INFO - New announcement!
INFO - New alert!
INFO - New alert!
INFO - New announcement!
INFO - New alert!
INFO - New announcement!
INFO - New announcement!
INFO - New alert!
INFO - New alert!
INFO - New announcement!
INFO - New alert!
INFO - New announcement!
INFO - New alert!
INFO - New announcement!
INFO - New alert!
INFO - New announcement!
INFO - New alert!
INFO - New announcement!
INFO - New alert!
INFO - New announcement!
INFO - New alert!
INFO - New announcement!
INFO - New alert!
INFO - New announcement!
INFO - New alert!
INFO - New announcement!
INFO - New alert!
INFO - New announcement!
INFO - New alert!
INFO - New announcement!
INFO - New alert!
INFO - New announcement!
INFO - New alert!
INFO - New announcement!
INFO - New alert!
INFO - New announcement!
INFO - New alert!
INFO - New announcement!
INFO - New alert!
INFO - New announcement!
INFO - New alert!
INFO - New announcement!
INFO - New alert!
INFO - New announcement!
INFO - New alert!
INFO - New announcement!
INFO - New alert!
INFO - New announcement!
INFO - New alert!
INFO - New announcement!
INFO - New alert!
INFO - New announcement!
INFO - New alert!
INFO - New announcement!
INFO - New alert!
INFO - New announcement!
INFO - New alert!
INFO - New announcement!
INFO - New alert!
INFO - New announcement!
INFO - New alert!
INFO - New announcement!
INFO - New alert!
INFO - New announcement!
INFO - New alert!
INFO - New announcement!
INFO - New alert!
INFO - New announcement!
INFO - New alert!
INFO - New announcement!
INFO - New alert!
INFO - New announcement!
INFO - New alert!
INFO - New announcement!
INFO - New alert!
INFO - New announcement!
INFO - New alert!
INFO - New announcement!
INFO - New alert!
INFO - New announcement!
INFO - New alert!
INFO - New announcement!
INFO - New alert!
INFO - New announcement!
INFO - New alert!
INFO - New announcement!
INFO - New alert!
INFO - New announcement!
INFO - New alert!
INFO - New announcement!
INFO - New alert!
INFO - New announcement!
INFO - New alert!
INFO - New announcement!
INFO - New alert!
INFO - New announcement!
INFO - New alert!
INFO - New announcement!
INFO - New alert!
INFO - New announcement!
INFO - New alert!
INFO - New announcement!
INFO - New alert!
INFO - New announcement!
INFO - New alert!
INFO - New announcement!
INFO - New alert!
INFO - New announcement!
INFO - New alert!
INFO - New announcement!
INFO - New alert!
INFO - New announcement!
INFO - New alert!
INFO - New announcement!
INFO - New alert!
INFO - New announcement!
INFO - New alert!
INFO - New announcement!
INFO - New alert!
INFO - New announcement!
INFO - New alert!
INFO - New announcement!
INFO - New alert!
INFO - New announcement!
INFO - New alert!
INFO - New announcement!
INFO - New alert!
INFO - New announcement!
INFO - New alert!
DEBUG - Script started!
INFO - New announcement!
INFO - New alert!
INFO - New announcement!
INFO - New alert!
INFO - New announcement!
INFO - New alert!
INFO - New announcement!
INFO - New alert!
INFO - New announcement!
INFO - New alert!
INFO - New announcement!
INFO - New alert!
INFO - New announcement!
INFO - New alert!
INFO - New announcement!
INFO - New alert!
INFO - New announcement!
INFO - New alert!
INFO - New announcement!
INFO - New alert!
INFO - New announcement!
INFO - New alert!
INFO - New announcement!
INFO - New alert!
INFO - New announcement!
INFO - New alert!
INFO - New announcement!
INFO - New alert!
INFO - New announcement!
INFO - New alert!
INFO - New announcement!
INFO - New alert!
INFO - New announcement!
INFO - New alert!
INFO - New announcement!
INFO - New alert!
DEBUG - http://localhost:8080/IBTradingServer/RemoteProcedureCallsServlet?realTimeSystem=websiteMonitor&newTrade=Bought+7000+YOD+at+3.40&traderID=Jason+Bond
INFO - New announcement!
INFO - New alert!
INFO - New announcement!
INFO - New alert!
INFO - New announcement!
INFO - New alert!
INFO - New announcement!
INFO - New alert!
INFO - New announcement!
INFO - New alert!
INFO - New announcement!
INFO - New alert!
INFO - New announcement!
INFO - New alert!
INFO - New announcement!
INFO - New alert!
INFO - New announcement!
INFO - New alert!
INFO - New announcement!
INFO - New alert!
INFO - New announcement!
INFO - New alert!
INFO - New announcement!
INFO - New alert!
INFO - New announcement!
INFO - New alert!
INFO - New announcement!
INFO - New alert!
INFO - New announcement!
INFO - New alert!
INFO - New announcement!
INFO - New alert!
INFO - New announcement!
INFO - New alert!
DEBUG - http://localhost:8080/IBTradingServer/RemoteProcedureCallsServlet?realTimeSystem=websiteMonitor&newTrade=Bought+5000+ZNGA+at+4.07&traderID=Jason+Bond
INFO - New announcement!
INFO - New alert!
INFO - New announcement!
INFO - New alert!
INFO - New announcement!
INFO - New alert!
INFO - New announcement!
INFO - New alert!
INFO - New announcement!
INFO - New alert!
INFO - New announcement!
INFO - New alert!
DEBUG - Script started!
DEBUG - Script started!
DEBUG - Script started!
INFO - New announcement!
INFO - New alert!
INFO - New announcement!
INFO - New alert!
INFO - New announcement!
INFO - New alert!
INFO - New announcement!
INFO - New alert!
INFO - New announcement!
INFO - New alert!
INFO - New announcement!
INFO - New alert!
INFO - New announcement!
INFO - New alert!
INFO - New announcement!
INFO - New alert!
INFO - New announcement!
INFO - New announcement!
INFO - New alert!
INFO - New announcement!
INFO - New alert!
INFO - New announcement!
INFO - New alert!
INFO - New announcement!
INFO - New alert!
INFO - New announcement!
INFO - New alert!
INFO - New announcement!
INFO - New alert!
INFO - New announcement!
INFO - New alert!
INFO - New announcement!
INFO - New alert!
INFO - New announcement!
INFO - New alert!
INFO - New announcement!
INFO - New alert!
INFO - New announcement!
INFO - New alert!
INFO - New announcement!
INFO - New alert!
INFO - New announcement!
INFO - New alert!
INFO - New announcement!
INFO - New alert!
INFO - New announcement!
INFO - New alert!
INFO - New announcement!
INFO - New alert!
INFO - New announcement!
INFO - New alert!
INFO - New announcement!
INFO - New alert!
INFO - New announcement!
INFO - New alert!
INFO - New announcement!
INFO - New alert!
DEBUG - http://localhost:8080/IBTradingServer/RemoteProcedureCallsServlet?realTimeSystem=websiteMonitor&newTrade=Added+7000+YOD+at+3&traderID=Jason+Bond
INFO - New announcement!
INFO - New alert!
INFO - New announcement!
INFO - New alert!
INFO - New announcement!
INFO - New alert!
INFO - New announcement!
INFO - New alert!
INFO - New announcement!
INFO - New alert!
INFO - New announcement!
INFO - New alert!
DEBUG - http://localhost:8080/IBTradingServer/RemoteProcedureCallsServlet?realTimeSystem=websiteMonitor&newTrade=Added+3000+HART+at+9.02&traderID=Jason+Bond
ERROR - An error occurred while trying to send data to the server

DEBUG - Script started!
DEBUG - Script started!
DEBUG - Script started!
INFO - New announcement!
INFO - New alert!
DEBUG - http://localhost:8080/IBTradingServer/RemoteProcedureCallsServlet?realTimeSystem=websiteMonitor&newTrade=Added+3000+HART+at+9.02&traderID=Jason+Bond
DEBUG - Script started!
DEBUG - Script started!
INFO - New announcement!
INFO - New alert!
INFO - New announcement!
INFO - New alert!
INFO - New announcement!
INFO - New alert!
DEBUG - http://localhost:8080/IBTradingServer/RemoteProcedureCallsServlet?realTimeSystem=websiteMonitor&newTrade=Added+5000+DGAZ+at+2.79&traderID=Jason+Bond
INFO - New announcement!
INFO - New alert!
INFO - New announcement!
INFO - New alert!
INFO - New announcement!
INFO - New alert!
DEBUG - http://localhost:8080/IBTradingServer/RemoteProcedureCallsServlet?realTimeSystem=websiteMonitor&newTrade=Bought+3000+MOBI+at+7.25&traderID=Jason+Bond
INFO - New announcement!
INFO - New announcement!
INFO - New alert!
INFO - New announcement!
INFO - New alert!
INFO - New announcement!
INFO - New alert!
INFO - New announcement!
INFO - New alert!
INFO - New announcement!
INFO - New alert!
INFO - New announcement!
INFO - New alert!
INFO - New announcement!
INFO - New alert!
INFO - New announcement!
INFO - New alert!
INFO - New announcement!
INFO - New alert!
INFO - New announcement!
INFO - New alert!
DEBUG - Script started!
INFO - New announcement!
INFO - New alert!
INFO - New announcement!
INFO - New alert!
INFO - New announcement!
INFO - New alert!
INFO - New announcement!
INFO - New alert!
INFO - New announcement!
INFO - New alert!
INFO - New announcement!
INFO - New alert!
INFO - New announcement!
INFO - New alert!
INFO - New announcement!
INFO - New alert!
INFO - New announcement!
INFO - New alert!
INFO - New announcement!
INFO - New alert!
